2023-09-24 19:59:06,093 - INFO - Invalid command. Use 'install' or 'test' or 'run'
2023-09-24 19:59:11,777 - INFO - Invalid command. Use 'install' or 'test' or 'run'
2023-09-24 20:04:00,630 - INFO - Running: FILENAME.
2023-09-24 20:05:02,156 - INFO - Running: test.txt.
2023-09-24 20:05:09,687 - INFO - tsc failed
2023-09-24 20:07:16,182 - INFO - Running: test.txt.
2023-09-24 20:07:22,860 - INFO - node run.js failed
2023-09-24 20:07:42,377 - INFO - Running: test.txt.
2023-09-24 20:07:50,326 - INFO - SUCCESS!!: test.txt.
2023-09-24 20:09:02,248 - INFO - Running: test.txt.
2023-09-24 20:09:11,177 - INFO - SUCCESS!!: test.txt.
2023-09-24 20:09:58,630 - INFO - Running: test.txt.
2023-09-24 20:10:06,025 - INFO - SUCCESS!!: test.txt.
2023-09-24 20:10:39,766 - INFO - Running: test.txt.
2023-09-24 20:10:50,941 - INFO - node run.js failed
2023-09-24 20:14:00,071 - INFO - Running: test.txt.
2023-09-24 20:14:12,719 - INFO - node run.js failed
2023-09-24 20:14:36,768 - INFO - Running: test.txt.
2023-09-24 20:14:48,706 - INFO - node run.js failed
2023-09-24 20:17:04,520 - INFO - Running: test.txt.
2023-09-24 20:17:16,476 - INFO - node run.js failed
2023-09-24 20:17:49,779 - INFO - Running: test.txt.
2023-09-24 20:18:01,854 - INFO - node run.js failed
2023-09-24 20:18:28,355 - INFO - Running: test.txt.
2023-09-24 20:18:41,743 - INFO - node run.js failed
2023-09-24 20:19:33,371 - INFO - Running: test.txt.
2023-09-24 20:19:45,919 - INFO - node run.js failed
2023-09-24 20:21:57,757 - INFO - Running: test.txt.
2023-09-24 20:22:08,880 - INFO - node run.js failed
2023-09-24 20:22:47,861 - INFO - Running: test.txt.
2023-09-24 20:22:55,313 - INFO - tsc failed
2023-09-24 20:23:18,002 - INFO - Running: test.txt.
2023-09-24 20:23:33,027 - INFO - node run.js failed
2023-09-24 20:24:21,977 - INFO - Running: test.txt.
2023-09-24 20:24:32,376 - INFO - node run.js failed
2023-09-24 20:26:11,519 - INFO - Running: test.txt.
2023-09-24 20:26:24,206 - INFO - node run.js failed
2023-09-24 20:27:44,790 - INFO - Running: test.txt.
2023-09-24 20:27:56,308 - INFO - node run.js failed
2023-09-24 20:28:44,327 - INFO - Running: test.txt.
2023-09-24 20:28:56,261 - INFO - node run.js failed
2023-09-24 20:29:26,309 - INFO - Running: test.txt.
2023-09-24 20:29:38,380 - INFO - node run.js failed
2023-09-24 20:30:58,566 - INFO - Running: test.txt.
2023-09-24 20:31:10,014 - INFO - node run.js failed
2023-09-24 20:32:07,464 - INFO - Running: test.txt.
2023-09-24 20:32:19,412 - INFO - node run.js failed
2023-09-24 20:35:30,261 - INFO - Running: test.txt.
2023-09-24 20:35:41,158 - INFO - node run.js failed
2023-09-24 20:39:50,771 - INFO - Running: test.txt.
2023-09-24 20:39:57,143 - INFO - tsc failed
2023-09-24 20:41:07,971 - INFO - Running: test.txt.
2023-09-24 20:41:17,845 - INFO - SUCCESS!!: test.txt.
2023-09-24 20:46:49,653 - INFO - Running: test.txt.
2023-09-24 20:47:02,039 - INFO - SUCCESS!!: test.txt.
2023-09-24 20:48:45,114 - INFO - Running: test.txt.
2023-09-24 20:48:52,982 - INFO - SUCCESS!!: test.txt.
2023-09-24 20:50:03,258 - INFO - Running: test.txt.
2023-09-24 20:50:15,844 - INFO - SUCCESS!!: test.txt.
2023-09-24 20:51:03,605 - INFO - Running: test.txt.
2023-09-24 20:51:17,006 - INFO - SUCCESS!!: test.txt.
2023-09-24 20:59:43,341 - INFO - Running: test.txt.
2023-09-24 20:59:44,363 - INFO - tsc failed
2023-09-24 21:00:25,445 - INFO - Running: test.txt.
2023-09-24 21:00:33,228 - INFO - SUCCESS!!: test.txt.
2023-09-24 21:02:26,741 - INFO - Running: test.txt.
2023-09-24 21:02:43,642 - INFO - SUCCESS!!: test.txt.
2023-09-24 21:05:54,189 - INFO - Running: test.txt.
2023-09-24 21:06:10,499 - INFO - SUCCESS!!: test.txt.
2023-09-24 21:16:22,958 - INFO - Running: test.txt.
2023-09-24 21:16:35,165 - INFO - SUCCESS!!: test.txt.
2023-09-24 21:18:02,785 - INFO - Running: test.txt.
2023-09-24 21:18:13,173 - INFO - Running: test.txt.
2023-09-24 21:19:24,918 - INFO - Running: test.txt.
2023-09-24 21:19:39,030 - INFO - SUCCESS!!: test.txt.
2023-09-24 21:21:41,479 - INFO - Running: test.txt.
2023-09-24 21:21:55,652 - INFO - SUCCESS!!: test.txt.
2023-09-24 21:23:44,611 - INFO - Running: test.txt.
2023-09-24 21:23:54,911 - INFO - node run.js failed
2023-09-24 21:24:54,022 - INFO - Running: test.txt.
2023-09-24 21:25:10,171 - INFO - SUCCESS!!: test.txt.
2023-09-24 21:26:14,703 - INFO - Running: test.txt.
2023-09-24 21:26:29,957 - INFO - SUCCESS!!: test.txt.
2023-09-24 21:28:07,951 - INFO - Running: test.txt.
2023-09-24 21:28:24,936 - INFO - SUCCESS!!: test.txt.
2023-09-24 21:30:06,631 - INFO - Running: test.txt.
2023-09-24 21:30:22,849 - INFO - SUCCESS!!: test.txt.
2023-09-24 21:32:27,913 - INFO - Running: test.txt.
2023-09-24 21:32:43,837 - INFO - SUCCESS!!: test.txt.
2023-09-24 21:34:20,900 - INFO - Running: test.txt.
2023-09-24 21:34:37,612 - INFO - SUCCESS!!: test.txt.
2023-09-24 21:36:27,782 - INFO - Running: test.txt.
2023-09-24 21:36:37,271 - INFO - Running: test.txt.
2023-09-24 21:36:53,808 - INFO - SUCCESS!!: test.txt.
2023-09-24 21:38:53,109 - INFO - Running: test.txt.
2023-09-24 21:39:40,614 - INFO - SUCCESS!!: test.txt.
2023-09-24 21:40:37,134 - INFO - Running: test.txt.
2023-09-24 21:41:23,850 - INFO - SUCCESS!!: test.txt.
2023-09-24 21:42:57,717 - INFO - Running: test.txt.
2023-09-24 21:43:42,678 - INFO - SUCCESS!!: test.txt.
2023-09-24 21:48:08,578 - INFO - Running: test.txt.
2023-09-24 21:48:55,165 - INFO - SUCCESS!!: test.txt.
2023-10-10 18:10:44,092 - INFO - 5/14 test cases passed. 1.43(3/209)% line coverage achieved.
